# Do not edit -- this file documents how Postfix was built for your machine.
#----------------------------------------------------------------
# Start of summary of user-configurable 'make makefiles' options.
# CCARGS=-DHAS_SHL_LOAD -DUSE_TLS                  -DHAS_PCRE                   -DHAS_PGSQL -I/usr/include/postgresql                  -DHAS_MYSQL -I/usr/include/mysql                  -DHAS_SQLITE -I/usr/include                  -DHAS_LDAP -I/usr/include                  -DUSE_CYRUS_SASL -I/usr/include/sasl                  -DUSE_SASL_AUTH -DDEF_SASL_SERVER=\"dovecot\"                  -DUSE_LDAP_SASL
# AUXLIBS=-lssl -lcrypto -lsasl2
# AUXLIBS_MYSQL=-L/usr/lib/x86_64-linux-gnu  -lmariadbclient -lpthread -lz -lm -ldl
# AUXLIBS_LDAP=-lldap -llber
# AUXLIBS_PCRE=-lpcre
# AUXLIBS_SQLITE=-lsqlite3 -lpthread
# AUXLIBS_PGSQL=-lpq
# shared=yes
# dynamicmaps=yes
# pie=yes
# daemon_directory=/usr/lib/postfix
# html_directory=/tmp/html
# manpage_directory=/tmp/man
# readme_directory=/tmp/readme
# End of summary of user-configurable 'make makefiles' options.
#--------------------------------------------------------------
# System-dependent settings and compiler/linker overrides.
SYSTYPE	= LINUX4
_AR	= ar
ARFL	= rv
_RANLIB	= ranlib
SYSLIBS	= -pie -lssl -lcrypto -lsasl2 -ldb -lnsl -lresolv -ldl -L/usr/lib/x86_64-linux-gnu -licui18n -licuuc -licudata 
AUXLIBS_LDAP = -lldap -llber
AUXLIBS_MYSQL = -L/usr/lib/x86_64-linux-gnu -lmariadbclient -lpthread -lz -lm -ldl
AUXLIBS_PCRE = -lpcre
AUXLIBS_PGSQL = -lpq
AUXLIBS_SQLITE = -lsqlite3 -lpthread
CC	= gcc -fPIC -I. -I../../include -DHAS_SHL_LOAD -DUSE_TLS -DHAS_PCRE -DHAS_PGSQL -I/usr/include/postgresql -DHAS_MYSQL -I/usr/include/mysql -DHAS_SQLITE -I/usr/include -DHAS_LDAP -I/usr/include -DUSE_CYRUS_SASL -I/usr/include/sasl -DUSE_SASL_AUTH -DDEF_SASL_SERVER=\"dovecot\" -DUSE_LDAP_SASL -I/usr/include -DHAS_DEV_URANDOM -DDEF_DAEMON_DIR=\"/usr/lib/postfix\" -DDEF_HTML_DIR=\"/tmp/html\" -DDEF_MANPAGE_DIR=\"/tmp/man\" -DDEF_README_DIR=\"/tmp/readme\" -DUSE_DYNAMIC_LIBS -DUSE_DYNAMIC_MAPS $(WARN)
OPT	= -O
DEBUG	= -g
AWK	= awk
STRCASE = 
EXPORT	= CCARGS='-I. -I../../include -DHAS_SHL_LOAD -DUSE_TLS -DHAS_PCRE -DHAS_PGSQL -I/usr/include/postgresql -DHAS_MYSQL -I/usr/include/mysql -DHAS_SQLITE -I/usr/include -DHAS_LDAP -I/usr/include -DUSE_CYRUS_SASL -I/usr/include/sasl -DUSE_SASL_AUTH -DDEF_SASL_SERVER=\"dovecot\" -DUSE_LDAP_SASL -I/usr/include -DHAS_DEV_URANDOM -DDEF_DAEMON_DIR=\"/usr/lib/postfix\" -DDEF_HTML_DIR=\"/tmp/html\" -DDEF_MANPAGE_DIR=\"/tmp/man\" -DDEF_README_DIR=\"/tmp/readme\" -DUSE_DYNAMIC_LIBS -DUSE_DYNAMIC_MAPS' OPT='-O' DEBUG='-g'
WARN	= -Wall -Wno-comment -Wformat -Wimplicit -Wmissing-prototypes \
	-Wparentheses -Wstrict-prototypes -Wswitch -Wuninitialized \
	-Wunused -Wno-missing-braces
DEFINED_MAP_TYPES = shl_load pcre pgsql mysql sqlite ldap dev_urandom
MAKE_FIX = 
# Switch between Postfix static and dynamically-linked libraries.
AR	= :
RANLIB	= :
LIB_PREFIX = postfix-
LIB_SUFFIX = .so
SHLIB_CFLAGS = -fPIC
SHLIB_DIR = /usr/lib/postfix
SHLIB_LD = gcc -shared -Wl,-soname,${LIB}
SHLIB_SYSLIBS = -lssl -lcrypto -lsasl2 -ldb -lnsl -lresolv -ldl -L/usr/lib/x86_64-linux-gnu -licui18n -licuuc -licudata
SHLIB_RPATH = -Wl,--enable-new-dtags -Wl,-rpath,${SHLIB_DIR}
# Switch between dynamicmaps.cf plugins and hard-linked databases.
NON_PLUGIN_MAP_OBJ = 
PLUGIN_MAP_OBJ = $(MAP_OBJ)
PLUGIN_MAP_OBJ_UPDATE = plugin_map_obj_update
PLUGIN_MAP_SO_MAKE = plugin_map_so_make
PLUGIN_MAP_SO_UPDATE = plugin_map_so_update
PLUGIN_LD = gcc -shared
POSTFIX_INSTALL_OPTS = 
# Application-specific rules.
